# JRE version: OpenJDK Runtime Environment (17.0.7) (build 17.0.7+0-b2043.56-10550314)
# Java VM: OpenJDK 64-Bit Server VM (17.0.7+0-b2043.56-10550314, mixed mode, tiered, compressed oops, compressed class ptrs, g1 gc, windows-amd64)
GC Precious Log:
 CPUs: 8 total, 8 available
 Memory: 20122M
 Large Page Support: Disabled
 NUMA Support: Disabled
 Compressed Oops: Enabled (32-bit)
 Heap Region Size: 1M
 Heap Min Capacity: 8M
 Heap Initial Capacity: 316M
 Heap Max Capacity: 2G
 Pre-touch: Disabled
 Parallel Workers: 8
 Concurrent Workers: 2
 Concurrent Refinement Workers: 8
 Periodic GC: Disabled
Heap:
 garbage-first heap   total 128000K, used 101538K [0x0000000080000000, 0x0000000100000000)
  region size 1024K, 46 young (47104K), 3 survivors (3072K)
 Metaspace       used 47847K, committed 48256K, reserved 1114112K
  class space    used 6331K, committed 6528K, reserved 1048576K
GC Heap History (20 events):
Event: 3.157 GC heap before
{Heap before GC invocations=5 (full 0):
 garbage-first heap   total 71680K, used 55703K [0x0000000080000000, 0x0000000100000000)
  region size 1024K, 31 young (31744K), 3 survivors (3072K)
 Metaspace       used 29974K, committed 30272K, reserved 1114112K
  class space    used 4071K, committed 4224K, reserved 1048576K
}
Event: 3.161 GC heap after
{Heap after GC invocations=6 (full 0):
 garbage-first heap   total 71680K, used 31871K [0x0000000080000000, 0x0000000100000000)
  region size 1024K, 4 young (4096K), 4 survivors (4096K)
 Metaspace       used 29974K, committed 30272K, reserved 1114112K
  class space    used 4071K, committed 4224K, reserved 1048576K
}
Event: 3.187 GC heap before
{Heap before GC invocations=6 (full 0):
 garbage-first heap   total 71680K, used 31871K [0x0000000080000000, 0x0000000100000000)
  region size 1024K, 5 young (5120K), 4 survivors (4096K)
 Metaspace       used 29992K, committed 30336K, reserved 1114112K
  class space    used 4074K, committed 4224K, reserved 1048576K
}
Event: 3.189 GC heap after
{Heap after GC invocations=7 (full 0):
 garbage-first heap   total 71680K, used 32532K [0x0000000080000000, 0x0000000100000000)
  region size 1024K, 1 young (1024K), 1 survivors (1024K)
 Metaspace       used 29992K, committed 30336K, reserved 1114112K
  class space    used 4074K, committed 4224K, reserved 1048576K
}
Event: 4.059 GC heap before
{Heap before GC invocations=8 (full 0):
 garbage-first heap   total 81920K, used 61204K [0x0000000080000000, 0x0000000100000000)
  region size 1024K, 16 young (16384K), 1 survivors (1024K)
 Metaspace       used 31686K, committed 32064K, reserved 1114112K
  class space    used 4334K, committed 4480K, reserved 1048576K
}
Event: 4.061 GC heap after
{Heap after GC invocations=9 (full 0):
 garbage-first heap   total 81920K, used 49167K [0x0000000080000000, 0x0000000100000000)
  region size 1024K, 2 young (2048K), 2 survivors (2048K)
 Metaspace       used 31686K, committed 32064K, reserved 1114112K
  class space    used 4334K, committed 4480K, reserved 1048576K
}
Event: 4.236 GC heap before
{Heap before GC invocations=9 (full 0):
 garbage-first heap   total 81920K, used 61455K [0x0000000080000000, 0x0000000100000000)
  region size 1024K, 14 young (14336K), 2 survivors (2048K)
 Metaspace       used 33264K, committed 33664K, reserved 1114112K
  class space    used 4600K, committed 4800K, reserved 1048576K
}
Event: 4.238 GC heap after
{Heap after GC invocations=10 (full 0):
 garbage-first heap   total 81920K, used 49962K [0x0000000080000000, 0x0000000100000000)
  region size 1024K, 1 young (1024K), 1 survivors (1024K)
 Metaspace       used 33264K, committed 33664K, reserved 1114112K
  class space    used 4600K, committed 4800K, reserved 1048576K
}
Event: 4.395 GC heap before
{Heap before GC invocations=11 (full 0):
 garbage-first heap   total 87040K, used 62250K [0x0000000080000000, 0x0000000100000000)
  region size 1024K, 13 young (13312K), 1 survivors (1024K)
 Metaspace       used 34744K, committed 35136K, reserved 1114112K
  class space    used 4840K, committed 4992K, reserved 1048576K
}
Event: 4.397 GC heap after
{Heap after GC invocations=12 (full 0):
 garbage-first heap   total 87040K, used 50418K [0x0000000080000000, 0x0000000100000000)
  region size 1024K, 2 young (2048K), 2 survivors (2048K)
 Metaspace       used 34744K, committed 35136K, reserved 1114112K
  class space    used 4840K, committed 4992K, reserved 1048576K
}
Event: 4.674 GC heap before
{Heap before GC invocations=12 (full 0):
 garbage-first heap   total 87040K, used 66802K [0x0000000080000000, 0x0000000100000000)
  region size 1024K, 18 young (18432K), 2 survivors (2048K)
 Metaspace       used 37943K, committed 38272K, reserved 1114112K
  class space    used 5280K, committed 5440K, reserved 1048576K
}
Event: 4.677 GC heap after
{Heap after GC invocations=13 (full 0):
 garbage-first heap   total 87040K, used 51538K [0x0000000080000000, 0x0000000100000000)
  region size 1024K, 3 young (3072K), 3 survivors (3072K)
 Metaspace       used 37943K, committed 38272K, reserved 1114112K
  class space    used 5280K, committed 5440K, reserved 1048576K
}
Event: 5.036 GC heap before
{Heap before GC invocations=14 (full 0):
 garbage-first heap   total 91136K, used 66898K [0x0000000080000000, 0x0000000100000000)
  region size 1024K, 19 young (19456K), 3 survivors (3072K)
 Metaspace       used 42112K, committed 42560K, reserved 1114112K
  class space    used 5708K, committed 5888K, reserved 1048576K
}
Event: 5.039 GC heap after
{Heap after GC invocations=15 (full 0):
 garbage-first heap   total 91136K, used 53641K [0x0000000080000000, 0x0000000100000000)
  region size 1024K, 3 young (3072K), 3 survivors (3072K)
 Metaspace       used 42112K, committed 42560K, reserved 1114112K
  class space    used 5708K, committed 5888K, reserved 1048576K
}
Event: 5.188 GC heap before
{Heap before GC invocations=15 (full 0):
 garbage-first heap   total 91136K, used 71049K [0x0000000080000000, 0x0000000100000000)
  region size 1024K, 21 young (21504K), 3 survivors (3072K)
 Metaspace       used 43056K, committed 43520K, reserved 1114112K
  class space    used 5773K, committed 6016K, reserved 1048576K
}
Event: 5.191 GC heap after
{Heap after GC invocations=16 (full 0):
 garbage-first heap   total 91136K, used 55933K [0x0000000080000000, 0x0000000100000000)
  region size 1024K, 3 young (3072K), 3 survivors (3072K)
 Metaspace       used 43056K, committed 43520K, reserved 1114112K
  class space    used 5773K, committed 6016K, reserved 1048576K
}
Event: 5.274 GC heap before
{Heap before GC invocations=17 (full 0):
 garbage-first heap   total 101376K, used 64125K [0x0000000080000000, 0x0000000100000000)
  region size 1024K, 13 young (13312K), 3 survivors (3072K)
 Metaspace       used 43510K, committed 43968K, reserved 1114112K
  class space    used 5819K, committed 6016K, reserved 1048576K
}
Event: 5.276 GC heap after
{Heap after GC invocations=18 (full 0):
 garbage-first heap   total 101376K, used 56407K [0x0000000080000000, 0x0000000100000000)
  region size 1024K, 2 young (2048K), 2 survivors (2048K)
 Metaspace       used 43510K, committed 43968K, reserved 1114112K
  class space    used 5819K, committed 6016K, reserved 1048576K
}
Event: 5.706 GC heap before
{Heap before GC invocations=19 (full 0):
 garbage-first heap   total 106496K, used 85079K [0x0000000080000000, 0x0000000100000000)
  region size 1024K, 26 young (26624K), 2 survivors (2048K)
 Metaspace       used 46918K, committed 47360K, reserved 1114112K
  class space    used 6233K, committed 6464K, reserved 1048576K
}
Event: 5.709 GC heap after
{Heap after GC invocations=20 (full 0):
 garbage-first heap   total 128000K, used 57506K [0x0000000080000000, 0x0000000100000000)
  region size 1024K, 3 young (3072K), 3 survivors (3072K)
 Metaspace       used 46918K, committed 47360K, reserved 1114112K
  class space    used 6233K, committed 6464K, reserved 1048576K
}

